<?xml version="1.0" encoding="UTF-8"?>
<!-- Generated by org.testng.reporters.JUnitReportReporter -->
<testsuite name="com.quanInsti.tests.CartPage" tests="6" time="14.628" ignored="6" failures="0" timestamp="28 Jul 2020 15:37:20 GMT" skipped="0" hostname="M4708787" errors="0">
  <testcase name="getPriceDetails" time="0.105" classname="com.quanInsti.tests.CartPage"/>
  <testcase name="removeCourse" time="0.189" classname="com.quanInsti.tests.CartPage"/>
  <testcase name="getCourseNamesAndCount" time="0.351" classname="com.quanInsti.tests.CartPage"/>
  <testcase name="signOut" time="5.834" classname="com.quanInsti.tests.CartPage"/>
  <testcase name="viewCourseDetails" time="7.484" classname="com.quanInsti.tests.CartPage"/>
  <testcase name="applyCoupon" time="0.665" classname="com.quanInsti.tests.CartPage"/>
  <testcase name="tearDown" classname="com.quantInsti.base.TestBase">
    <skipped/>
  </testcase> <!-- tearDown -->
  <testcase name="tearDown" classname="com.quantInsti.base.TestBase">
    <skipped/>
  </testcase> <!-- tearDown -->
  <testcase name="tearDown" classname="com.quantInsti.base.TestBase">
    <skipped/>
  </testcase> <!-- tearDown -->
  <testcase name="setUp" classname="com.quantInsti.base.TestBase">
    <skipped/>
  </testcase> <!-- setUp -->
  <testcase name="setUp" classname="com.quantInsti.base.TestBase">
    <skipped/>
  </testcase> <!-- setUp -->
  <testcase name="setUp" classname="com.quantInsti.base.TestBase">
    <skipped/>
  </testcase> <!-- setUp -->
</testsuite> <!-- com.quanInsti.tests.CartPage -->
