<?xml version="1.0" encoding="UTF-8"?>
<!-- Generated by org.testng.reporters.JUnitReportReporter -->
<testsuite name="com.quanInsti.tests.LoginPage" tests="2" time="33.160" ignored="6" failures="0" timestamp="28 Jul 2020 15:37:20 GMT" skipped="0" hostname="M4708787" errors="0">
  <testcase name="loginAs" time="9.147" classname="com.quanInsti.tests.LoginPage"/>
  <testcase name="selectOptionFromMenu" time="24.013" classname="com.quanInsti.tests.LoginPage"/>
  <testcase name="tearDown" classname="com.quantInsti.base.TestBase">
    <skipped/>
  </testcase> <!-- tearDown -->
  <testcase name="tearDown" classname="com.quantInsti.base.TestBase">
    <skipped/>
  </testcase> <!-- tearDown -->
  <testcase name="tearDown" classname="com.quantInsti.base.TestBase">
    <skipped/>
  </testcase> <!-- tearDown -->
  <testcase name="setUp" classname="com.quantInsti.base.TestBase">
    <skipped/>
  </testcase> <!-- setUp -->
  <testcase name="setUp" classname="com.quantInsti.base.TestBase">
    <skipped/>
  </testcase> <!-- setUp -->
  <testcase name="setUp" classname="com.quantInsti.base.TestBase">
    <skipped/>
  </testcase> <!-- setUp -->
</testsuite> <!-- com.quanInsti.tests.LoginPage -->
